2020-08-06 14:51:22  [ main:1 ] - [ DEBUG ]  初始化浏览器
2020-08-06 14:51:32  [ main:9878 ] - [ DEBUG ]  打开浏览器
2020-08-06 14:51:39  [ main:17055 ] - [ DEBUG ]  开始执行第三个case
2020-08-06 14:51:39  [ main:17056 ] - [ DEBUG ]  您输入的用户邮箱：1231231
2020-08-06 14:51:40  [ main:17558 ] - [ DEBUG ]  你得到定位信息Key为:username
2020-08-06 14:51:40  [ main:17561 ] - [ DEBUG ]  你得到定位方式为:name
2020-08-06 14:51:40  [ main:17562 ] - [ DEBUG ]  你得到定位值为:email
2020-08-06 14:51:40  [ main:17701 ] - [ DEBUG ]  您输入的用户密码：qym11456788
2020-08-06 14:51:41  [ main:18203 ] - [ DEBUG ]  你得到定位信息Key为:password
2020-08-06 14:51:41  [ main:18203 ] - [ DEBUG ]  你得到定位方式为:name
2020-08-06 14:51:41  [ main:18204 ] - [ DEBUG ]  你得到定位值为:password
2020-08-06 14:51:41  [ main:18303 ] - [ DEBUG ]  您开始点击登录按钮
2020-08-06 14:51:41  [ main:18803 ] - [ DEBUG ]  你得到定位信息Key为:loginbutton
2020-08-06 14:51:41  [ main:18803 ] - [ DEBUG ]  你得到定位方式为:ClassName
2020-08-06 14:51:41  [ main:18804 ] - [ DEBUG ]  你得到定位值为:moco-btn-red
2020-08-06 14:51:45  [ main:22372 ] - [ DEBUG ]  你得到定位信息Key为:headpng
2020-08-06 14:51:45  [ main:22373 ] - [ DEBUG ]  你得到定位方式为:id
2020-08-06 14:51:45  [ main:22374 ] - [ DEBUG ]  你得到定位值为:header-avator
2020-08-06 14:51:49  [ main:26935 ] - [ DEBUG ]  初始化浏览器
2020-08-06 14:51:58  [ main:35440 ] - [ DEBUG ]  打开浏览器
2020-08-06 14:52:05  [ main:42128 ] - [ DEBUG ]  开始执行第一个case
2020-08-06 14:52:05  [ main:42129 ] - [ DEBUG ]  您输入的用户邮箱：13572562741
2020-08-06 14:52:05  [ main:42629 ] - [ DEBUG ]  你得到定位信息Key为:username
2020-08-06 14:52:05  [ main:42629 ] - [ DEBUG ]  你得到定位方式为:name
2020-08-06 14:52:05  [ main:42629 ] - [ DEBUG ]  你得到定位值为:email
2020-08-06 14:52:05  [ main:42775 ] - [ DEBUG ]  您输入的用户密码：qym11456788
2020-08-06 14:52:06  [ main:43277 ] - [ DEBUG ]  你得到定位信息Key为:password
2020-08-06 14:52:06  [ main:43277 ] - [ DEBUG ]  你得到定位方式为:name
2020-08-06 14:52:06  [ main:43277 ] - [ DEBUG ]  你得到定位值为:password
2020-08-06 14:52:06  [ main:43358 ] - [ DEBUG ]  您开始点击登录按钮
2020-08-06 14:52:06  [ main:43858 ] - [ DEBUG ]  你得到定位信息Key为:loginbutton
2020-08-06 14:52:06  [ main:43858 ] - [ DEBUG ]  你得到定位方式为:ClassName
2020-08-06 14:52:06  [ main:43858 ] - [ DEBUG ]  你得到定位值为:moco-btn-red
2020-08-06 14:52:10  [ main:47457 ] - [ DEBUG ]  你得到定位信息Key为:headpng
2020-08-06 14:52:10  [ main:47457 ] - [ DEBUG ]  你得到定位方式为:id
2020-08-06 14:52:10  [ main:47458 ] - [ DEBUG ]  你得到定位值为:header-avator
2020-08-06 14:52:10  [ main:48046 ] - [ DEBUG ]  你得到定位信息Key为:userinfo
2020-08-06 14:52:10  [ main:48046 ] - [ DEBUG ]  你得到定位方式为:ClassName
2020-08-06 14:52:10  [ main:48046 ] - [ DEBUG ]  你得到定位值为:text-ellipsis
2020-08-06 14:52:28  [ main:0 ] - [ DEBUG ]  初始化浏览器
2020-08-06 14:52:37  [ main:9503 ] - [ DEBUG ]  打开浏览器
2020-08-06 14:52:43  [ main:15820 ] - [ DEBUG ]  开始执行第三个case
2020-08-06 14:52:43  [ main:15820 ] - [ DEBUG ]  您输入的用户邮箱：1231231
2020-08-06 14:52:44  [ main:16321 ] - [ DEBUG ]  你得到定位信息Key为:username
2020-08-06 14:52:44  [ main:16322 ] - [ DEBUG ]  你得到定位方式为:name
2020-08-06 14:52:44  [ main:16322 ] - [ DEBUG ]  你得到定位值为:email
2020-08-06 14:52:44  [ main:16443 ] - [ DEBUG ]  您输入的用户密码：qym11456788
2020-08-06 14:52:45  [ main:16945 ] - [ DEBUG ]  你得到定位信息Key为:password
2020-08-06 14:52:45  [ main:16945 ] - [ DEBUG ]  你得到定位方式为:name
2020-08-06 14:52:45  [ main:16946 ] - [ DEBUG ]  你得到定位值为:password
2020-08-06 14:52:45  [ main:17089 ] - [ DEBUG ]  您开始点击登录按钮
2020-08-06 14:52:45  [ main:17590 ] - [ DEBUG ]  你得到定位信息Key为:loginbutton
2020-08-06 14:52:45  [ main:17590 ] - [ DEBUG ]  你得到定位方式为:ClassName
2020-08-06 14:52:45  [ main:17590 ] - [ DEBUG ]  你得到定位值为:moco-btn-red
2020-08-06 14:52:49  [ main:21192 ] - [ DEBUG ]  你得到定位信息Key为:headpng
2020-08-06 14:52:49  [ main:21194 ] - [ DEBUG ]  你得到定位方式为:id
2020-08-06 14:52:49  [ main:21195 ] - [ DEBUG ]  你得到定位值为:header-avator
2020-08-06 14:52:49  [ main:21686 ] - [ DEBUG ]  开始执行第一个case
2020-08-06 14:52:49  [ main:21686 ] - [ DEBUG ]  您输入的用户邮箱：13572562741
2020-08-06 14:52:50  [ main:22187 ] - [ DEBUG ]  你得到定位信息Key为:username
2020-08-06 14:52:50  [ main:22187 ] - [ DEBUG ]  你得到定位方式为:name
2020-08-06 14:52:50  [ main:22187 ] - [ DEBUG ]  你得到定位值为:email
2020-08-06 14:52:50  [ main:22297 ] - [ DEBUG ]  您输入的用户密码：qym11456788
2020-08-06 14:52:50  [ main:22798 ] - [ DEBUG ]  你得到定位信息Key为:password
2020-08-06 14:52:50  [ main:22798 ] - [ DEBUG ]  你得到定位方式为:name
2020-08-06 14:52:50  [ main:22799 ] - [ DEBUG ]  你得到定位值为:password
2020-08-06 14:52:51  [ main:22894 ] - [ DEBUG ]  您开始点击登录按钮
2020-08-06 14:52:51  [ main:23394 ] - [ DEBUG ]  你得到定位信息Key为:loginbutton
2020-08-06 14:52:51  [ main:23394 ] - [ DEBUG ]  你得到定位方式为:ClassName
2020-08-06 14:52:51  [ main:23394 ] - [ DEBUG ]  你得到定位值为:moco-btn-red
2020-08-06 14:52:55  [ main:26947 ] - [ DEBUG ]  你得到定位信息Key为:headpng
2020-08-06 14:52:55  [ main:26947 ] - [ DEBUG ]  你得到定位方式为:id
2020-08-06 14:52:55  [ main:26948 ] - [ DEBUG ]  你得到定位值为:header-avator
