2020-08-06 14:57:27  [ main:0 ] - [ DEBUG ]  初始化浏览器
2020-08-06 14:57:39  [ main:11399 ] - [ DEBUG ]  打开浏览器
2020-08-06 14:57:45  [ main:18172 ] - [ DEBUG ]  开始执行第三个case
2020-08-06 14:57:45  [ main:18172 ] - [ DEBUG ]  您输入的用户邮箱：1231231
2020-08-06 14:57:46  [ main:18674 ] - [ DEBUG ]  你得到定位信息Key为:username
2020-08-06 14:57:46  [ main:18675 ] - [ DEBUG ]  你得到定位方式为:name
2020-08-06 14:57:46  [ main:18675 ] - [ DEBUG ]  你得到定位值为:email
2020-08-06 14:57:46  [ main:18832 ] - [ DEBUG ]  您输入的用户密码：qym11456788
2020-08-06 14:57:47  [ main:19332 ] - [ DEBUG ]  你得到定位信息Key为:password
2020-08-06 14:57:47  [ main:19333 ] - [ DEBUG ]  你得到定位方式为:name
2020-08-06 14:57:47  [ main:19334 ] - [ DEBUG ]  你得到定位值为:password
2020-08-06 14:57:47  [ main:19512 ] - [ DEBUG ]  您开始点击登录按钮
2020-08-06 14:57:47  [ main:20013 ] - [ DEBUG ]  你得到定位信息Key为:loginbutton
2020-08-06 14:57:47  [ main:20013 ] - [ DEBUG ]  你得到定位方式为:ClassName
2020-08-06 14:57:47  [ main:20014 ] - [ DEBUG ]  你得到定位值为:moco-btn-red
2020-08-06 14:57:51  [ main:23628 ] - [ DEBUG ]  你得到定位信息Key为:headpng
2020-08-06 14:57:51  [ main:23629 ] - [ DEBUG ]  你得到定位方式为:id
2020-08-06 14:57:51  [ main:23630 ] - [ DEBUG ]  你得到定位值为:header-avator
2020-08-06 14:57:51  [ main:24084 ] - [ DEBUG ]  开始执行第一个case
2020-08-06 14:57:51  [ main:24085 ] - [ DEBUG ]  您输入的用户邮箱：13572562741
2020-08-06 14:57:52  [ main:24586 ] - [ DEBUG ]  你得到定位信息Key为:username
2020-08-06 14:57:52  [ main:24586 ] - [ DEBUG ]  你得到定位方式为:name
2020-08-06 14:57:52  [ main:24586 ] - [ DEBUG ]  你得到定位值为:email
2020-08-06 14:57:52  [ main:24685 ] - [ DEBUG ]  您输入的用户密码：qym11456788
2020-08-06 14:57:52  [ main:25186 ] - [ DEBUG ]  你得到定位信息Key为:password
2020-08-06 14:57:52  [ main:25186 ] - [ DEBUG ]  你得到定位方式为:name
2020-08-06 14:57:52  [ main:25187 ] - [ DEBUG ]  你得到定位值为:password
2020-08-06 14:57:53  [ main:25315 ] - [ DEBUG ]  您开始点击登录按钮
2020-08-06 14:57:53  [ main:25816 ] - [ DEBUG ]  你得到定位信息Key为:loginbutton
2020-08-06 14:57:53  [ main:25816 ] - [ DEBUG ]  你得到定位方式为:ClassName
2020-08-06 14:57:53  [ main:25816 ] - [ DEBUG ]  你得到定位值为:moco-btn-red
2020-08-06 14:57:57  [ main:29370 ] - [ DEBUG ]  你得到定位信息Key为:headpng
2020-08-06 14:57:57  [ main:29370 ] - [ DEBUG ]  你得到定位方式为:id
2020-08-06 14:57:57  [ main:29370 ] - [ DEBUG ]  你得到定位值为:header-avator
2020-08-06 16:58:11  [ main:0 ] - [ DEBUG ]  初始化浏览器
2020-08-06 16:58:21  [ main:10287 ] - [ DEBUG ]  打开浏览器
2020-08-06 16:58:25  [ main:14265 ] - [ DEBUG ]  你得到定位信息Key为:signinbutton
2020-08-06 16:58:25  [ main:14265 ] - [ DEBUG ]  你得到定位方式为:id
2020-08-06 16:58:25  [ main:14265 ] - [ DEBUG ]  你得到定位值为:js-signin-btn
2020-08-06 16:58:31  [ main:20385 ] - [ DEBUG ]  开始执行第三个case
2020-08-06 16:58:31  [ main:20386 ] - [ DEBUG ]  您输入的用户邮箱：1231231
2020-08-06 16:58:32  [ main:20886 ] - [ DEBUG ]  你得到定位信息Key为:username
2020-08-06 16:58:32  [ main:20886 ] - [ DEBUG ]  你得到定位方式为:name
2020-08-06 16:58:32  [ main:20886 ] - [ DEBUG ]  你得到定位值为:email
2020-08-06 16:58:32  [ main:20994 ] - [ DEBUG ]  您输入的用户密码：qym11456788
2020-08-06 16:58:32  [ main:21494 ] - [ DEBUG ]  你得到定位信息Key为:password
2020-08-06 16:58:32  [ main:21496 ] - [ DEBUG ]  你得到定位方式为:name
2020-08-06 16:58:32  [ main:21497 ] - [ DEBUG ]  你得到定位值为:password
2020-08-06 16:58:32  [ main:21653 ] - [ DEBUG ]  您开始点击登录按钮
2020-08-06 16:58:33  [ main:22153 ] - [ DEBUG ]  你得到定位信息Key为:loginbutton
2020-08-06 16:58:33  [ main:22154 ] - [ DEBUG ]  你得到定位方式为:ClassName
2020-08-06 16:58:33  [ main:22154 ] - [ DEBUG ]  你得到定位值为:moco-btn-red
2020-08-06 16:58:37  [ main:25737 ] - [ DEBUG ]  你得到定位信息Key为:headpng
2020-08-06 16:58:37  [ main:25738 ] - [ DEBUG ]  你得到定位方式为:id
2020-08-06 16:58:37  [ main:25738 ] - [ DEBUG ]  你得到定位值为:header-avator
2020-08-06 16:58:37  [ main:26115 ] - [ DEBUG ]  开始执行第一个case
2020-08-06 16:58:37  [ main:26116 ] - [ DEBUG ]  您输入的用户邮箱：13572562741
2020-08-06 16:58:37  [ main:26617 ] - [ DEBUG ]  你得到定位信息Key为:username
2020-08-06 16:58:37  [ main:26617 ] - [ DEBUG ]  你得到定位方式为:name
2020-08-06 16:58:37  [ main:26617 ] - [ DEBUG ]  你得到定位值为:email
2020-08-06 16:58:38  [ main:26861 ] - [ DEBUG ]  您输入的用户密码：qym11456788
2020-08-06 16:58:38  [ main:27362 ] - [ DEBUG ]  你得到定位信息Key为:password
2020-08-06 16:58:38  [ main:27362 ] - [ DEBUG ]  你得到定位方式为:name
2020-08-06 16:58:38  [ main:27362 ] - [ DEBUG ]  你得到定位值为:password
2020-08-06 16:58:38  [ main:27436 ] - [ DEBUG ]  您开始点击登录按钮
2020-08-06 16:58:39  [ main:27938 ] - [ DEBUG ]  你得到定位信息Key为:loginbutton
2020-08-06 16:58:39  [ main:27938 ] - [ DEBUG ]  你得到定位方式为:ClassName
2020-08-06 16:58:39  [ main:27939 ] - [ DEBUG ]  你得到定位值为:moco-btn-red
2020-08-06 16:58:42  [ main:31517 ] - [ DEBUG ]  你得到定位信息Key为:headpng
2020-08-06 16:58:42  [ main:31517 ] - [ DEBUG ]  你得到定位方式为:id
2020-08-06 16:58:42  [ main:31517 ] - [ DEBUG ]  你得到定位值为:header-avator
2020-08-06 16:59:04  [ main:0 ] - [ DEBUG ]  初始化浏览器
2020-08-06 16:59:15  [ main:0 ] - [ DEBUG ]  初始化浏览器
2020-08-06 16:59:24  [ main:9727 ] - [ DEBUG ]  打开浏览器
2020-08-06 16:59:28  [ main:13266 ] - [ DEBUG ]  你得到定位信息Key为:signinbutton
2020-08-06 16:59:28  [ main:13267 ] - [ DEBUG ]  你得到定位方式为:id
2020-08-06 16:59:28  [ main:13267 ] - [ DEBUG ]  你得到定位值为:js-signin-btn
2020-08-06 16:59:34  [ main:19425 ] - [ DEBUG ]  开始执行第三个case
2020-08-06 16:59:34  [ main:19425 ] - [ DEBUG ]  您输入的用户邮箱：1231231
2020-08-06 16:59:35  [ main:19926 ] - [ DEBUG ]  你得到定位信息Key为:username
2020-08-06 16:59:35  [ main:19926 ] - [ DEBUG ]  你得到定位方式为:name
2020-08-06 16:59:35  [ main:19926 ] - [ DEBUG ]  你得到定位值为:email
2020-08-06 16:59:35  [ main:20020 ] - [ DEBUG ]  您输入的用户密码：qym11456788
2020-08-06 16:59:35  [ main:20521 ] - [ DEBUG ]  你得到定位信息Key为:password
2020-08-06 16:59:35  [ main:20521 ] - [ DEBUG ]  你得到定位方式为:name
2020-08-06 16:59:35  [ main:20522 ] - [ DEBUG ]  你得到定位值为:password
2020-08-06 16:59:35  [ main:20690 ] - [ DEBUG ]  您开始点击登录按钮
2020-08-06 16:59:36  [ main:21192 ] - [ DEBUG ]  你得到定位信息Key为:loginbutton
2020-08-06 16:59:36  [ main:21193 ] - [ DEBUG ]  你得到定位方式为:ClassName
2020-08-06 16:59:36  [ main:21193 ] - [ DEBUG ]  你得到定位值为:moco-btn-red
