2020-08-05 15:35:26 - [ DEBUG ]  Case.testcase.LoginCase.beforeClass(LoginCase.java:33)-main-Case.testcase.LoginCase-初始化浏览器-
2020-08-05 15:35:36 - [ DEBUG ]  Case.testcase.LoginCase.beforeClass(LoginCase.java:35)-main-Case.testcase.LoginCase-打开浏览器-
2020-08-05 15:35:43 - [ DEBUG ]  Case.testcase.LoginCase.testLoginEmailError(LoginCase.java:59)-main-Case.testcase.LoginCase-开始执行第二个case-
2020-08-05 15:35:43 - [ DEBUG ]  Case.page.BasePage.getByLocal(BasePage.java:30)-main-Case.testcase.LoginCase-你得到定位信息Key为:username-
2020-08-05 15:35:43 - [ DEBUG ]  Case.page.BasePage.getByLocal(BasePage.java:34)-main-Case.testcase.LoginCase-你得到定位方式为:name-
2020-08-05 15:35:43 - [ DEBUG ]  Case.page.BasePage.getByLocal(BasePage.java:35)-main-Case.testcase.LoginCase-你得到定位值为:email-
2020-08-05 15:35:44 - [ DEBUG ]  Case.page.BasePage.getByLocal(BasePage.java:30)-main-Case.testcase.LoginCase-你得到定位信息Key为:password-
2020-08-05 15:35:44 - [ DEBUG ]  Case.page.BasePage.getByLocal(BasePage.java:34)-main-Case.testcase.LoginCase-你得到定位方式为:name-
2020-08-05 15:35:44 - [ DEBUG ]  Case.page.BasePage.getByLocal(BasePage.java:35)-main-Case.testcase.LoginCase-你得到定位值为:password-
2020-08-05 15:35:44 - [ DEBUG ]  Case.page.BasePage.getByLocal(BasePage.java:30)-main-Case.testcase.LoginCase-你得到定位信息Key为:loginbutton-
2020-08-05 15:35:44 - [ DEBUG ]  Case.page.BasePage.getByLocal(BasePage.java:34)-main-Case.testcase.LoginCase-你得到定位方式为:ClassName-
2020-08-05 15:35:44 - [ DEBUG ]  Case.page.BasePage.getByLocal(BasePage.java:35)-main-Case.testcase.LoginCase-你得到定位值为:moco-btn-red-
2020-08-05 15:35:48 - [ DEBUG ]  Case.page.BasePage.getByLocal(BasePage.java:30)-main-Case.testcase.LoginCase-你得到定位信息Key为:headpng-
2020-08-05 15:35:48 - [ DEBUG ]  Case.page.BasePage.getByLocal(BasePage.java:34)-main-Case.testcase.LoginCase-你得到定位方式为:id-
2020-08-05 15:35:48 - [ DEBUG ]  Case.page.BasePage.getByLocal(BasePage.java:35)-main-Case.testcase.LoginCase-你得到定位值为:header-avator-
2020-08-05 15:35:53 - [ DEBUG ]  Case.testcase.LoginCase.beforeClass(LoginCase.java:33)-main-Case.testcase.LoginCase-初始化浏览器-
2020-08-05 15:36:01 - [ DEBUG ]  Case.testcase.LoginCase.beforeClass(LoginCase.java:35)-main-Case.testcase.LoginCase-打开浏览器-
2020-08-05 15:36:07 - [ DEBUG ]  Case.testcase.LoginCase.testLoginSuccess(LoginCase.java:48)-main-Case.testcase.LoginCase-开始执行第一个case-
2020-08-05 15:36:08 - [ DEBUG ]  Case.page.BasePage.getByLocal(BasePage.java:30)-main-Case.testcase.LoginCase-你得到定位信息Key为:username-
2020-08-05 15:36:08 - [ DEBUG ]  Case.page.BasePage.getByLocal(BasePage.java:34)-main-Case.testcase.LoginCase-你得到定位方式为:name-
2020-08-05 15:36:08 - [ DEBUG ]  Case.page.BasePage.getByLocal(BasePage.java:35)-main-Case.testcase.LoginCase-你得到定位值为:email-
2020-08-05 15:36:08 - [ DEBUG ]  Case.page.BasePage.getByLocal(BasePage.java:30)-main-Case.testcase.LoginCase-你得到定位信息Key为:password-
2020-08-05 15:36:08 - [ DEBUG ]  Case.page.BasePage.getByLocal(BasePage.java:34)-main-Case.testcase.LoginCase-你得到定位方式为:name-
2020-08-05 15:36:08 - [ DEBUG ]  Case.page.BasePage.getByLocal(BasePage.java:35)-main-Case.testcase.LoginCase-你得到定位值为:password-
2020-08-05 15:36:09 - [ DEBUG ]  Case.page.BasePage.getByLocal(BasePage.java:30)-main-Case.testcase.LoginCase-你得到定位信息Key为:loginbutton-
2020-08-05 15:36:09 - [ DEBUG ]  Case.page.BasePage.getByLocal(BasePage.java:34)-main-Case.testcase.LoginCase-你得到定位方式为:ClassName-
2020-08-05 15:36:09 - [ DEBUG ]  Case.page.BasePage.getByLocal(BasePage.java:35)-main-Case.testcase.LoginCase-你得到定位值为:moco-btn-red-
2020-08-05 15:36:13 - [ DEBUG ]  Case.page.BasePage.getByLocal(BasePage.java:30)-main-Case.testcase.LoginCase-你得到定位信息Key为:headpng-
2020-08-05 15:36:13 - [ DEBUG ]  Case.page.BasePage.getByLocal(BasePage.java:34)-main-Case.testcase.LoginCase-你得到定位方式为:id-
2020-08-05 15:36:13 - [ DEBUG ]  Case.page.BasePage.getByLocal(BasePage.java:35)-main-Case.testcase.LoginCase-你得到定位值为:header-avator-
2020-08-05 15:36:13 - [ DEBUG ]  Case.page.BasePage.getByLocal(BasePage.java:30)-main-Case.testcase.LoginCase-你得到定位信息Key为:userinfo-
2020-08-05 15:36:13 - [ DEBUG ]  Case.page.BasePage.getByLocal(BasePage.java:34)-main-Case.testcase.LoginCase-你得到定位方式为:ClassName-
2020-08-05 15:36:13 - [ DEBUG ]  Case.page.BasePage.getByLocal(BasePage.java:35)-main-Case.testcase.LoginCase-你得到定位值为:text-ellipsis-
2020-08-05 15:39:26 - [ DEBUG ]  Case.testcase.LoginCase.beforeClass(LoginCase.java:33)-main-Case.testcase.LoginCase-初始化浏览器-
2020-08-05 15:39:35 - [ DEBUG ]  Case.testcase.LoginCase.beforeClass(LoginCase.java:35)-main-Case.testcase.LoginCase-打开浏览器-
2020-08-05 15:39:41 - [ DEBUG ]  Case.testcase.LoginCase.testLoginEmailError(LoginCase.java:59)-main-Case.testcase.LoginCase-开始执行第二个case-
2020-08-05 15:39:41 - [ DEBUG ]  Case.page.BasePage.getByLocal(BasePage.java:30)-main-Case.testcase.LoginCase-你得到定位信息Key为:username-
2020-08-05 15:39:41 - [ DEBUG ]  Case.page.BasePage.getByLocal(BasePage.java:34)-main-Case.testcase.LoginCase-你得到定位方式为:name-
2020-08-05 15:39:41 - [ DEBUG ]  Case.page.BasePage.getByLocal(BasePage.java:35)-main-Case.testcase.LoginCase-你得到定位值为:email-
2020-08-05 15:39:42 - [ DEBUG ]  Case.page.BasePage.getByLocal(BasePage.java:30)-main-Case.testcase.LoginCase-你得到定位信息Key为:password-
2020-08-05 15:39:42 - [ DEBUG ]  Case.page.BasePage.getByLocal(BasePage.java:34)-main-Case.testcase.LoginCase-你得到定位方式为:name-
2020-08-05 15:39:42 - [ DEBUG ]  Case.page.BasePage.getByLocal(BasePage.java:35)-main-Case.testcase.LoginCase-你得到定位值为:password-
2020-08-05 15:39:42 - [ DEBUG ]  Case.page.BasePage.getByLocal(BasePage.java:30)-main-Case.testcase.LoginCase-你得到定位信息Key为:loginbutton-
2020-08-05 15:39:42 - [ DEBUG ]  Case.page.BasePage.getByLocal(BasePage.java:34)-main-Case.testcase.LoginCase-你得到定位方式为:ClassName-
2020-08-05 15:39:42 - [ DEBUG ]  Case.page.BasePage.getByLocal(BasePage.java:35)-main-Case.testcase.LoginCase-你得到定位值为:moco-btn-red-
2020-08-05 15:51:30 - [ DEBUG ]  Case.testcase.LoginCase.beforeClass(LoginCase.java:33)-main-Case.testcase.LoginCase-初始化浏览器-
2020-08-05 15:51:39 - [ DEBUG ]  Case.testcase.LoginCase.beforeClass(LoginCase.java:35)-main-Case.testcase.LoginCase-打开浏览器-
2020-08-05 15:51:45 - [ DEBUG ]  Case.testcase.LoginCase.testLoginEmailError(LoginCase.java:59)-main-Case.testcase.LoginCase-开始执行第二个case-
2020-08-05 15:51:46 - [ DEBUG ]  Case.page.BasePage.getByLocal(BasePage.java:30)-main-Case.testcase.LoginCase-你得到定位信息Key为:username-
2020-08-05 15:51:46 - [ DEBUG ]  Case.page.BasePage.getByLocal(BasePage.java:34)-main-Case.testcase.LoginCase-你得到定位方式为:name-
2020-08-05 15:51:46 - [ DEBUG ]  Case.page.BasePage.getByLocal(BasePage.java:35)-main-Case.testcase.LoginCase-你得到定位值为:email-
2020-08-05 15:51:47 - [ DEBUG ]  Case.page.BasePage.getByLocal(BasePage.java:30)-main-Case.testcase.LoginCase-你得到定位信息Key为:password-
2020-08-05 15:51:47 - [ DEBUG ]  Case.page.BasePage.getByLocal(BasePage.java:34)-main-Case.testcase.LoginCase-你得到定位方式为:name-
2020-08-05 15:51:47 - [ DEBUG ]  Case.page.BasePage.getByLocal(BasePage.java:35)-main-Case.testcase.LoginCase-你得到定位值为:password-
2020-08-05 15:51:47 - [ DEBUG ]  Case.page.BasePage.getByLocal(BasePage.java:30)-main-Case.testcase.LoginCase-你得到定位信息Key为:loginbutton-
2020-08-05 15:51:47 - [ DEBUG ]  Case.page.BasePage.getByLocal(BasePage.java:34)-main-Case.testcase.LoginCase-你得到定位方式为:ClassName-
2020-08-05 15:51:47 - [ DEBUG ]  Case.page.BasePage.getByLocal(BasePage.java:35)-main-Case.testcase.LoginCase-你得到定位值为:moco-btn-red-
2020-08-05 15:51:51 - [ DEBUG ]  Case.page.BasePage.getByLocal(BasePage.java:30)-main-Case.testcase.LoginCase-你得到定位信息Key为:headpng-
2020-08-05 15:51:51 - [ DEBUG ]  Case.page.BasePage.getByLocal(BasePage.java:34)-main-Case.testcase.LoginCase-你得到定位方式为:id-
2020-08-05 15:51:51 - [ DEBUG ]  Case.page.BasePage.getByLocal(BasePage.java:35)-main-Case.testcase.LoginCase-你得到定位值为:header-avator-
2020-08-05 15:51:55 - [ DEBUG ]  Case.testcase.LoginCase.beforeClass(LoginCase.java:33)-main-Case.testcase.LoginCase-初始化浏览器-
2020-08-05 15:52:03 - [ DEBUG ]  Case.testcase.LoginCase.beforeClass(LoginCase.java:35)-main-Case.testcase.LoginCase-打开浏览器-
2020-08-05 15:52:10 - [ DEBUG ]  Case.testcase.LoginCase.testLoginSuccess(LoginCase.java:48)-main-Case.testcase.LoginCase-开始执行第一个case-
2020-08-05 15:52:10 - [ DEBUG ]  Case.page.BasePage.getByLocal(BasePage.java:30)-main-Case.testcase.LoginCase-你得到定位信息Key为:username-
2020-08-05 15:52:10 - [ DEBUG ]  Case.page.BasePage.getByLocal(BasePage.java:34)-main-Case.testcase.LoginCase-你得到定位方式为:name-
2020-08-05 15:52:10 - [ DEBUG ]  Case.page.BasePage.getByLocal(BasePage.java:35)-main-Case.testcase.LoginCase-你得到定位值为:email-
2020-08-05 15:52:11 - [ DEBUG ]  Case.page.BasePage.getByLocal(BasePage.java:30)-main-Case.testcase.LoginCase-你得到定位信息Key为:password-
2020-08-05 15:52:11 - [ DEBUG ]  Case.page.BasePage.getByLocal(BasePage.java:34)-main-Case.testcase.LoginCase-你得到定位方式为:name-
2020-08-05 15:52:11 - [ DEBUG ]  Case.page.BasePage.getByLocal(BasePage.java:35)-main-Case.testcase.LoginCase-你得到定位值为:password-
2020-08-05 15:52:11 - [ DEBUG ]  Case.page.BasePage.getByLocal(BasePage.java:30)-main-Case.testcase.LoginCase-你得到定位信息Key为:loginbutton-
2020-08-05 15:52:11 - [ DEBUG ]  Case.page.BasePage.getByLocal(BasePage.java:34)-main-Case.testcase.LoginCase-你得到定位方式为:ClassName-
2020-08-05 15:52:11 - [ DEBUG ]  Case.page.BasePage.getByLocal(BasePage.java:35)-main-Case.testcase.LoginCase-你得到定位值为:moco-btn-red-
2020-08-05 15:52:15 - [ DEBUG ]  Case.page.BasePage.getByLocal(BasePage.java:30)-main-Case.testcase.LoginCase-你得到定位信息Key为:headpng-
2020-08-05 15:52:15 - [ DEBUG ]  Case.page.BasePage.getByLocal(BasePage.java:34)-main-Case.testcase.LoginCase-你得到定位方式为:id-
2020-08-05 15:52:15 - [ DEBUG ]  Case.page.BasePage.getByLocal(BasePage.java:35)-main-Case.testcase.LoginCase-你得到定位值为:header-avator-
2020-08-05 15:52:15 - [ DEBUG ]  Case.page.BasePage.getByLocal(BasePage.java:30)-main-Case.testcase.LoginCase-你得到定位信息Key为:userinfo-
2020-08-05 15:52:15 - [ DEBUG ]  Case.page.BasePage.getByLocal(BasePage.java:34)-main-Case.testcase.LoginCase-你得到定位方式为:ClassName-
2020-08-05 15:52:15 - [ DEBUG ]  Case.page.BasePage.getByLocal(BasePage.java:35)-main-Case.testcase.LoginCase-你得到定位值为:text-ellipsis-
